android-exoplayer/build/intermediates/manifest_merge_blame_file/debug/manifest-merger-blame-debug-report.txt
1<?xml version="1.0" encoding="utf-8"?>
2<manifest xmlns:android="http://schemas.android.com/apk/res/android"
3    package="com.brentvatne.react"
4    android:versionCode="1"
5    android:versionName="1.0" >
6
7    <uses-sdk
8        android:minSdkVersion="26"
8-->src/main/AndroidManifest.xml
9        android:targetSdkVersion="31" />
9-->src/main/AndroidManifest.xml
10
11    <application>
11-->src/main/AndroidManifest.xml:3:5-8:19
12        <activity
12-->src/main/AndroidManifest.xml:4:9-7:46
13            android:name="com.brentvatne.exoplayer.ExoPlayerFullscreenVideoActivity"
13-->src/main/AndroidManifest.xml:5:13-85
14            android:configChanges="orientation|keyboardHidden|screenSize"
14-->src/main/AndroidManifest.xml:6:13-74
15            android:launchMode="singleTop" />
15-->src/main/AndroidManifest.xml:7:13-43
16    </application>
17
18</manifest>